<?xml version="1.0" encoding="UTF-8"?>
<testng-results ignored="0" total="3" passed="3" failed="0" skipped="0">
  <reporter-output>
  </reporter-output>
  <suite started-at="2022-10-06T23:15:21 IST" name="Suite" finished-at="2022-10-06T23:19:04 IST" duration-ms="222422">
    <groups>
    </groups>
    <test started-at="2022-10-06T23:15:21 IST" name="Test" finished-at="2022-10-06T23:19:04 IST" duration-ms="222422">
      <class name="myhybridframeworkv1.testScript.GeneralSetting">
        <test-method is-config="true" signature="setUp()[pri:0, instance:myhybridframeworkv1.testScript.GeneralSetting@4efac082]" started-at="2022-10-06T23:17:15 IST" name="setUp" finished-at="2022-10-06T23:17:27 IST" duration-ms="11522" status="PASS">
          <reporter-output>
          </reporter-output>
        </test-method> <!-- setUp -->
        <test-method is-config="true" signature="login()[pri:0, instance:myhybridframeworkv1.testScript.GeneralSetting@4efac082]" started-at="2022-10-06T23:17:27 IST" name="login" finished-at="2022-10-06T23:17:52 IST" duration-ms="25431" status="PASS">
          <reporter-output>
          </reporter-output>
        </test-method> <!-- login -->
        <test-method signature="generalSetting()[pri:0, instance:myhybridframeworkv1.testScript.GeneralSetting@4efac082]" started-at="2022-10-06T23:17:52 IST" name="generalSetting" finished-at="2022-10-06T23:18:05 IST" duration-ms="12649" status="PASS">
          <reporter-output>
          </reporter-output>
        </test-method> <!-- generalSetting -->
        <test-method is-config="true" signature="logOut()[pri:0, instance:myhybridframeworkv1.testScript.GeneralSetting@4efac082]" started-at="2022-10-06T23:18:05 IST" name="logOut" finished-at="2022-10-06T23:18:05 IST" duration-ms="114" status="PASS">
          <reporter-output>
          </reporter-output>
        </test-method> <!-- logOut -->
        <test-method is-config="true" signature="closebrowser()[pri:0, instance:myhybridframeworkv1.testScript.GeneralSetting@4efac082]" started-at="2022-10-06T23:18:05 IST" name="closebrowser" finished-at="2022-10-06T23:18:05 IST" duration-ms="501" status="PASS">
          <reporter-output>
          </reporter-output>
        </test-method> <!-- closebrowser -->
      </class> <!-- myhybridframeworkv1.testScript.GeneralSetting -->
      <class name="myhybridframeworkv1.testScript.ActiTimeCustomerCreation">
        <test-method is-config="true" signature="setUp()[pri:0, instance:myhybridframeworkv1.testScript.ActiTimeCustomerCreation@4659191b]" started-at="2022-10-06T23:15:21 IST" name="setUp" finished-at="2022-10-06T23:15:56 IST" duration-ms="34987" status="PASS">
          <reporter-output>
          </reporter-output>
        </test-method> <!-- setUp -->
        <test-method is-config="true" signature="login()[pri:0, instance:myhybridframeworkv1.testScript.ActiTimeCustomerCreation@4659191b]" started-at="2022-10-06T23:15:56 IST" name="login" finished-at="2022-10-06T23:16:36 IST" duration-ms="39666" status="PASS">
          <reporter-output>
          </reporter-output>
        </test-method> <!-- login -->
        <test-method signature="createCustomer()[pri:0, instance:myhybridframeworkv1.testScript.ActiTimeCustomerCreation@4659191b]" started-at="2022-10-06T23:16:36 IST" name="createCustomer" finished-at="2022-10-06T23:17:10 IST" duration-ms="33870" status="PASS">
          <reporter-output>
          </reporter-output>
        </test-method> <!-- createCustomer -->
        <test-method is-config="true" signature="logOut()[pri:0, instance:myhybridframeworkv1.testScript.ActiTimeCustomerCreation@4659191b]" started-at="2022-10-06T23:17:10 IST" name="logOut" finished-at="2022-10-06T23:17:12 IST" duration-ms="2275" status="PASS">
          <reporter-output>
          </reporter-output>
        </test-method> <!-- logOut -->
        <test-method is-config="true" signature="closebrowser()[pri:0, instance:myhybridframeworkv1.testScript.ActiTimeCustomerCreation@4659191b]" started-at="2022-10-06T23:17:12 IST" name="closebrowser" finished-at="2022-10-06T23:17:15 IST" duration-ms="3043" status="PASS">
          <reporter-output>
          </reporter-output>
        </test-method> <!-- closebrowser -->
      </class> <!-- myhybridframeworkv1.testScript.ActiTimeCustomerCreation -->
      <class name="myhybridframeworkv1.testScript.AlertHandling">
        <test-method is-config="true" signature="setUp()[pri:0, instance:myhybridframeworkv1.testScript.AlertHandling@6bd61f98]" started-at="2022-10-06T23:18:05 IST" name="setUp" finished-at="2022-10-06T23:18:10 IST" duration-ms="4780" status="PASS">
          <reporter-output>
          </reporter-output>
        </test-method> <!-- setUp -->
        <test-method is-config="true" signature="login()[pri:0, instance:myhybridframeworkv1.testScript.AlertHandling@6bd61f98]" started-at="2022-10-06T23:18:10 IST" name="login" finished-at="2022-10-06T23:18:35 IST" duration-ms="24690" status="PASS">
          <reporter-output>
          </reporter-output>
        </test-method> <!-- login -->
        <test-method signature="alertHandling()[pri:0, instance:myhybridframeworkv1.testScript.AlertHandling@6bd61f98]" started-at="2022-10-06T23:18:35 IST" name="alertHandling" finished-at="2022-10-06T23:18:55 IST" duration-ms="20730" status="PASS">
          <reporter-output>
          </reporter-output>
        </test-method> <!-- alertHandling -->
        <test-method is-config="true" signature="logOut()[pri:0, instance:myhybridframeworkv1.testScript.AlertHandling@6bd61f98]" started-at="2022-10-06T23:18:55 IST" name="logOut" finished-at="2022-10-06T23:19:00 IST" duration-ms="5002" status="PASS">
          <reporter-output>
          </reporter-output>
        </test-method> <!-- logOut -->
        <test-method is-config="true" signature="closebrowser()[pri:0, instance:myhybridframeworkv1.testScript.AlertHandling@6bd61f98]" started-at="2022-10-06T23:19:00 IST" name="closebrowser" finished-at="2022-10-06T23:19:04 IST" duration-ms="3078" status="PASS">
          <reporter-output>
          </reporter-output>
        </test-method> <!-- closebrowser -->
      </class> <!-- myhybridframeworkv1.testScript.AlertHandling -->
    </test> <!-- Test -->
  </suite> <!-- Suite -->
</testng-results>
