<?xml version="1.0" encoding="UTF-8"?>
<!-- Generated by org.testng.reporters.JUnitXMLReporter -->
<testsuite ignored="0" hostname="DESKTOP-SG8D0E7" failures="0" tests="3" name="Test" time="222.422" errors="0" timestamp="2022-10-06T23:19:04 IST">
  <testcase classname="myhybridframeworkv1.testScript.ActiTimeCustomerCreation" name="createCustomer" time="33.87"/>
  <testcase classname="myhybridframeworkv1.testScript.GeneralSetting" name="generalSetting" time="12.649"/>
  <testcase classname="myhybridframeworkv1.testScript.AlertHandling" name="alertHandling" time="20.73"/>
</testsuite> <!-- Test -->
